/*C2*/SET SCHEMA PUBLIC
DELETE FROM "mendixsystem$version" WHERE "versionnumber"='4.2'
INSERT INTO "mendixsystem$version" VALUES('4.2','2021-11-01 22:44:44.203000','4.1.0','unversioned','TrackingVacation_Trainee','9.6.1.29396')
COMMIT
/*C3*/SET SCHEMA PUBLIC
DELETE FROM "mendixsystem$entityidentifier" WHERE "id"='d4154981-8dac-4150-aec5-efa3ef62a7a2'
INSERT INTO "mendixsystem$entityidentifier" VALUES('d4154981-8dac-4150-aec5-efa3ef62a7a2',4,2301)
COMMIT
INSERT INTO "system$xasinstance" VALUES(1125899906844825,'a635b345-a99e-49d2-bc55-8987f2561742','2021-11-01 14:13:00.625000',NULL,NULL,NULL,'2021-11-01 14:13:00.609000')
COMMIT
DELETE FROM "system$userrole" WHERE "id"=4222124650659841
INSERT INTO "system$userrole" VALUES(4222124650659841,'8dd52bfa-6d7e-453b-b506-303c0a3d9567','Administrator','')
DELETE FROM "system$userrole" WHERE "id"=4222124650659842
INSERT INTO "system$userrole" VALUES(4222124650659842,'53f5d6fa-6da9-4a71-b011-454ec052cce8','Employee','')
DELETE FROM "system$userrole" WHERE "id"=4222124650659941
INSERT INTO "system$userrole" VALUES(4222124650659941,'76e6d538-9556-4cb9-a36c-c4b1ec4e9aca','Anonymous','')
DELETE FROM "system$userrole" WHERE "id"=4222124650659843
INSERT INTO "system$userrole" VALUES(4222124650659843,'4fbc38e1-faf4-4b0d-bab3-8a0425674878','Manager','')
COMMIT
DELETE FROM "mendixsystem$properties" WHERE "key"='Mendix.Runtime.DeploymentID'
INSERT INTO "mendixsystem$properties" VALUES('Mendix.Runtime.DeploymentID','637714051240910895')
COMMIT
DELETE FROM "system$session" WHERE "id"=10696049115007029
DELETE FROM "system$session_user" WHERE "system$sessionid"=10696049115007029 AND "system$userid"=5066549580792009
COMMIT
/*C8*/SET SCHEMA PUBLIC
DELETE FROM "system$user" WHERE "id"=562949953421313
INSERT INTO "system$user" VALUES(562949953421313,'MxAdmin','{BCrypt}$2a$10$Wwvr0.4aJ/5Lqc9VMS5YEe2cqboyp0Mly8AQJudoWG98FMp0geB9e','2021-10-31 14:27:13.300000',FALSE,TRUE,0,FALSE,FALSE,'2021-10-28 02:25:43.973000','2021-10-28 02:25:43.973000','System.User',NULL,562949953421313)
COMMIT
/*C2*/DELETE FROM "system$xasinstance" WHERE "id"=1125899906844825
INSERT INTO "system$xasinstance" VALUES(1125899906844825,'a635b345-a99e-49d2-bc55-8987f2561742','2021-11-01 14:13:02.821000',NULL,NULL,NULL,'2021-11-01 14:13:00.609000')
COMMIT
/*C8*/DELETE FROM "mendixsystem$entityidentifier" WHERE "id"='282e2e60-88a5-469d-84a5-ba8d9151644f'
INSERT INTO "mendixsystem$entityidentifier" VALUES('282e2e60-88a5-469d-84a5-ba8d9151644f',2,1901)
COMMIT
/*C2*/INSERT INTO "system$user" VALUES(562949953423113,'Anonymous_f4e0024d-177f-4639-8a35-2cccef39443d','{BCrypt}$2a$10$JyKyGiimcNanK0vP8FkrCOoUVxJt.mdLlNEG46t94F0lNkchKTfnm','2021-11-01 14:13:06.947000',FALSE,TRUE,0,FALSE,TRUE,'2021-11-01 14:13:06.418000','2021-11-01 14:13:06.418000','System.User',NULL,562949953423113)
INSERT INTO "system$userroles" VALUES(562949953423113,4222124650659941)
INSERT INTO "system$user_language" VALUES(562949953423113,11821949021847553)
COMMIT
DELETE FROM "system$user" WHERE "id"=562949953423113
INSERT INTO "system$user" VALUES(562949953423113,'Anonymous_f4e0024d-177f-4639-8a35-2cccef39443d','{BCrypt}$2a$10$JyKyGiimcNanK0vP8FkrCOoUVxJt.mdLlNEG46t94F0lNkchKTfnm','2021-11-01 14:13:07.064000',FALSE,TRUE,0,FALSE,TRUE,'2021-11-01 14:13:06.418000','2021-11-01 14:13:06.418000','System.User',NULL,562949953423113)
COMMIT
/*C7*/SET SCHEMA PUBLIC
DELETE FROM "mendixsystem$entityidentifier" WHERE "id"='37f9fd49-5318-4c63-9a51-f761779b202f'
INSERT INTO "mendixsystem$entityidentifier" VALUES('37f9fd49-5318-4c63-9a51-f761779b202f',38,2301)
COMMIT
INSERT INTO "system$session" VALUES(10696049115007129,'e94556a2-9cea-40c9-99eb-e605dce119e5','7e6e97ba-0d4b-4fd8-837c-4e4e5548aecf','2021-11-01 14:13:07.199000',FALSE,'fed475d2-5ecb-47ca-8880-fd5703335d82',NULL,'2021-11-01 14:13:07.199000')
INSERT INTO "system$session_user" VALUES(10696049115007129,562949953423113)
COMMIT
DELETE FROM "system$session" WHERE "id"=10696049115007129
INSERT INTO "system$session" VALUES(10696049115007129,'e94556a2-9cea-40c9-99eb-e605dce119e5','7e6e97ba-0d4b-4fd8-837c-4e4e5548aecf','2021-11-01 14:13:07.227000',FALSE,'fed475d2-5ecb-47ca-8880-fd5703335d82',NULL,'2021-11-01 14:13:07.199000')
COMMIT
/*C2*/DELETE FROM "system$user" WHERE "id"=5066549580792009
INSERT INTO "system$user" VALUES(5066549580792009,'a','{BCrypt}$2a$10$/a2BPe8pReqjgjPVAn7XJedR/dSzrIoVteodxMFM9HnR03waVFIAe','2021-11-01 14:13:42.439000',FALSE,TRUE,0,FALSE,FALSE,'2021-10-29 02:11:30.555000','2021-10-29 02:12:08.282000','Administration.Account',5066549580792009,5066549580792009)
COMMIT
/*C8*/DELETE FROM "system$session_user" WHERE "system$sessionid"=10696049115007129 AND "system$userid"=562949953423113
INSERT INTO "system$session_user" VALUES(10696049115007129,5066549580792009)
COMMIT
/*C7*/DELETE FROM "system$user" WHERE "id"=562949953423113
DELETE FROM "system$userroles" WHERE "system$userid"=562949953423113 AND "system$userroleid"=4222124650659941
DELETE FROM "system$user_language" WHERE "system$userid"=562949953423113 AND "system$languageid"=11821949021847553
COMMIT
DELETE FROM "system$session" WHERE "id"=10696049115007129
INSERT INTO "system$session" VALUES(10696049115007129,'9f38eb3d-1687-421a-802b-a3375f050bdb','7e6e97ba-0d4b-4fd8-837c-4e4e5548aecf','2021-11-01 14:13:07.227000',FALSE,'fed475d2-5ecb-47ca-8880-fd5703335d82',NULL,'2021-11-01 14:13:07.199000')
COMMIT
DELETE FROM "system$session" WHERE "id"=10696049115007129
INSERT INTO "system$session" VALUES(10696049115007129,'9f38eb3d-1687-421a-802b-a3375f050bdb','7e6e97ba-0d4b-4fd8-837c-4e4e5548aecf','2021-11-01 14:13:43.645000',FALSE,'fed475d2-5ecb-47ca-8880-fd5703335d82',NULL,'2021-11-01 14:13:07.199000')
COMMIT
/*C3*/DELETE FROM "mendixsystem$entityidentifier" WHERE "id"='b7b8e7de-742b-49aa-acb2-6223acb009b7'
INSERT INTO "mendixsystem$entityidentifier" VALUES('b7b8e7de-742b-49aa-acb2-6223acb009b7',46,501)
COMMIT
/*C4*/SET SCHEMA PUBLIC
DELETE FROM "system$session" WHERE "id"=10696049115007129
DELETE FROM "system$session_user" WHERE "system$sessionid"=10696049115007129 AND "system$userid"=5066549580792009
COMMIT
INSERT INTO "system$user" VALUES(562949953423114,'Anonymous_68cee53e-dd76-4feb-80bf-cce777760029','{BCrypt}$2a$10$mQKyBj/HWcC5TmErme5qkeZFfsYu.XU72RneBQ0sPN/nO9Uwc/G5m','2021-11-01 14:14:20.550000',FALSE,TRUE,0,FALSE,TRUE,'2021-11-01 14:14:20.387000','2021-11-01 14:14:20.387000','System.User',NULL,562949953423114)
INSERT INTO "system$userroles" VALUES(562949953423114,4222124650659941)
INSERT INTO "system$user_language" VALUES(562949953423114,11821949021847553)
COMMIT
DELETE FROM "system$user" WHERE "id"=562949953423114
INSERT INTO "system$user" VALUES(562949953423114,'Anonymous_68cee53e-dd76-4feb-80bf-cce777760029','{BCrypt}$2a$10$mQKyBj/HWcC5TmErme5qkeZFfsYu.XU72RneBQ0sPN/nO9Uwc/G5m','2021-11-01 14:14:20.558000',FALSE,TRUE,0,FALSE,TRUE,'2021-11-01 14:14:20.387000','2021-11-01 14:14:20.387000','System.User',NULL,562949953423114)
COMMIT
INSERT INTO "system$session" VALUES(10696049115007130,'d30636b3-4d3b-4f2b-b2c1-a480ed087ab7','b4e5ca05-1a05-4a6f-bfd4-406c3f5e20da','2021-11-01 14:14:20.575000',FALSE,'865e3597-f1d7-4424-a8d3-a3ea3d8e6a1e',NULL,'2021-11-01 14:14:20.575000')
INSERT INTO "system$session_user" VALUES(10696049115007130,562949953423114)
COMMIT
DELETE FROM "system$session" WHERE "id"=10696049115007130
INSERT INTO "system$session" VALUES(10696049115007130,'d30636b3-4d3b-4f2b-b2c1-a480ed087ab7','b4e5ca05-1a05-4a6f-bfd4-406c3f5e20da','2021-11-01 14:14:20.582000',FALSE,'865e3597-f1d7-4424-a8d3-a3ea3d8e6a1e',NULL,'2021-11-01 14:14:20.575000')
COMMIT
DELETE FROM "system$user" WHERE "id"=5066549580792009
INSERT INTO "system$user" VALUES(5066549580792009,'a','{BCrypt}$2a$10$/a2BPe8pReqjgjPVAn7XJedR/dSzrIoVteodxMFM9HnR03waVFIAe','2021-11-01 14:14:24.424000',FALSE,TRUE,0,FALSE,FALSE,'2021-10-29 02:11:30.555000','2021-10-29 02:12:08.282000','Administration.Account',5066549580792009,5066549580792009)
COMMIT
DELETE FROM "system$session_user" WHERE "system$sessionid"=10696049115007130 AND "system$userid"=562949953423114
INSERT INTO "system$session_user" VALUES(10696049115007130,5066549580792009)
COMMIT
/*C9*/SET SCHEMA PUBLIC
DELETE FROM "system$user" WHERE "id"=562949953423114
DELETE FROM "system$userroles" WHERE "system$userid"=562949953423114 AND "system$userroleid"=4222124650659941
DELETE FROM "system$user_language" WHERE "system$userid"=562949953423114 AND "system$languageid"=11821949021847553
COMMIT
DELETE FROM "system$session" WHERE "id"=10696049115007130
INSERT INTO "system$session" VALUES(10696049115007130,'f119e303-131d-448a-bf17-2827777b933c','b4e5ca05-1a05-4a6f-bfd4-406c3f5e20da','2021-11-01 14:14:20.582000',FALSE,'865e3597-f1d7-4424-a8d3-a3ea3d8e6a1e',NULL,'2021-11-01 14:14:20.575000')
COMMIT
/*C3*/DELETE FROM "system$session" WHERE "id"=10696049115007130
INSERT INTO "system$session" VALUES(10696049115007130,'f119e303-131d-448a-bf17-2827777b933c','b4e5ca05-1a05-4a6f-bfd4-406c3f5e20da','2021-11-01 14:14:24.893000',FALSE,'865e3597-f1d7-4424-a8d3-a3ea3d8e6a1e',NULL,'2021-11-01 14:14:20.575000')
COMMIT
/*C8*/DELETE FROM "system$session" WHERE "id"=10696049115007130
INSERT INTO "system$session" VALUES(10696049115007130,'f119e303-131d-448a-bf17-2827777b933c','b4e5ca05-1a05-4a6f-bfd4-406c3f5e20da','2021-11-01 14:14:28.185000',FALSE,'865e3597-f1d7-4424-a8d3-a3ea3d8e6a1e',NULL,'2021-11-01 14:14:20.575000')
COMMIT
DELETE FROM "system$session" WHERE "id"=10696049115007130
DELETE FROM "system$session_user" WHERE "system$sessionid"=10696049115007130 AND "system$userid"=5066549580792009
COMMIT
INSERT INTO "system$user" VALUES(562949953423115,'Anonymous_6e44c0b9-cd1e-4626-b220-1bc546c174cb','{BCrypt}$2a$10$0WOUUwzj0R.p2d86w5JvWO2Nz9XhCb6UnM17/5KoD.BhssHhnrI/W','2021-11-01 14:15:10.959000',FALSE,TRUE,0,FALSE,TRUE,'2021-11-01 14:15:10.826000','2021-11-01 14:15:10.826000','System.User',NULL,562949953423115)
INSERT INTO "system$userroles" VALUES(562949953423115,4222124650659941)
INSERT INTO "system$user_language" VALUES(562949953423115,11821949021847553)
COMMIT
DELETE FROM "system$user" WHERE "id"=562949953423115
INSERT INTO "system$user" VALUES(562949953423115,'Anonymous_6e44c0b9-cd1e-4626-b220-1bc546c174cb','{BCrypt}$2a$10$0WOUUwzj0R.p2d86w5JvWO2Nz9XhCb6UnM17/5KoD.BhssHhnrI/W','2021-11-01 14:15:10.971000',FALSE,TRUE,0,FALSE,TRUE,'2021-11-01 14:15:10.826000','2021-11-01 14:15:10.826000','System.User',NULL,562949953423115)
COMMIT
/*C6*/SET SCHEMA PUBLIC
INSERT INTO "system$session" VALUES(10696049115007131,'4478f118-9b6e-4d48-b6e1-7fefb24bd025','f7a33ce6-2525-44c5-8aab-75cbc5be7b75','2021-11-01 14:15:10.985000',FALSE,'cf29f3b7-7b42-4666-958d-8efbc8d7be4d',NULL,'2021-11-01 14:15:10.985000')
INSERT INTO "system$session_user" VALUES(10696049115007131,562949953423115)
COMMIT
DELETE FROM "system$session" WHERE "id"=10696049115007131
INSERT INTO "system$session" VALUES(10696049115007131,'4478f118-9b6e-4d48-b6e1-7fefb24bd025','f7a33ce6-2525-44c5-8aab-75cbc5be7b75','2021-11-01 14:15:10.989000',FALSE,'cf29f3b7-7b42-4666-958d-8efbc8d7be4d',NULL,'2021-11-01 14:15:10.985000')
COMMIT
/*C4*/DELETE FROM "system$user" WHERE "id"=5066549580792009
INSERT INTO "system$user" VALUES(5066549580792009,'a','{BCrypt}$2a$10$/a2BPe8pReqjgjPVAn7XJedR/dSzrIoVteodxMFM9HnR03waVFIAe','2021-11-01 14:15:32.692000',FALSE,TRUE,0,FALSE,FALSE,'2021-10-29 02:11:30.555000','2021-10-29 02:12:08.282000','Administration.Account',5066549580792009,5066549580792009)
COMMIT
/*C6*/DELETE FROM "system$session_user" WHERE "system$sessionid"=10696049115007131 AND "system$userid"=562949953423115
INSERT INTO "system$session_user" VALUES(10696049115007131,5066549580792009)
COMMIT
/*C4*/DELETE FROM "system$user" WHERE "id"=562949953423115
DELETE FROM "system$userroles" WHERE "system$userid"=562949953423115 AND "system$userroleid"=4222124650659941
DELETE FROM "system$user_language" WHERE "system$userid"=562949953423115 AND "system$languageid"=11821949021847553
COMMIT
DELETE FROM "system$session" WHERE "id"=10696049115007131
INSERT INTO "system$session" VALUES(10696049115007131,'b1f5b9bf-5ed2-42e9-a5af-7fec00f8d927','f7a33ce6-2525-44c5-8aab-75cbc5be7b75','2021-11-01 14:15:10.989000',FALSE,'cf29f3b7-7b42-4666-958d-8efbc8d7be4d',NULL,'2021-11-01 14:15:10.985000')
COMMIT
DELETE FROM "system$session" WHERE "id"=10696049115007131
INSERT INTO "system$session" VALUES(10696049115007131,'b1f5b9bf-5ed2-42e9-a5af-7fec00f8d927','f7a33ce6-2525-44c5-8aab-75cbc5be7b75','2021-11-01 14:15:33.692000',FALSE,'cf29f3b7-7b42-4666-958d-8efbc8d7be4d',NULL,'2021-11-01 14:15:10.985000')
COMMIT
/*C6*/DELETE FROM "mendixsystem$entityidentifier" WHERE "id"='49fdf579-4314-4d6d-a7a4-374ef1e2fc9d'
INSERT INTO "mendixsystem$entityidentifier" VALUES('49fdf579-4314-4d6d-a7a4-374ef1e2fc9d',45,401)
COMMIT
/*C8*/DELETE FROM "mendixsystem$entityidentifier" WHERE "id"='67c28960-7a7a-11e6-bdf4-0800200c9a66'
INSERT INTO "mendixsystem$entityidentifier" VALUES('67c28960-7a7a-11e6-bdf4-0800200c9a66',41,201)
COMMIT
DELETE FROM "mendixsystem$entityidentifier" WHERE "id"='819d48df-f5fb-4161-8958-80f3ca83ca3a'
INSERT INTO "mendixsystem$entityidentifier" VALUES('819d48df-f5fb-4161-8958-80f3ca83ca3a',47,301)
COMMIT
/*C4*/INSERT INTO "vacationmanagement$vacationrequestday" VALUES(12666373951979821,'2021-11-12 00:00:00.000000',8)
INSERT INTO "vacationmanagement$vacationrequestday" VALUES(12666373951979829,'2021-11-20 00:00:00.000000',0)
INSERT INTO "vacationmanagement$vacationrequestday" VALUES(12666373951979825,'2021-11-16 00:00:00.000000',8)
INSERT INTO "vacationmanagement$vacationrequestday" VALUES(12666373951979824,'2021-11-15 00:00:00.000000',8)
INSERT INTO "vacationmanagement$vacationrequestday" VALUES(12666373951979822,'2021-11-13 00:00:00.000000',0)
INSERT INTO "vacationmanagement$vacationrequestday" VALUES(12666373951979827,'2021-11-18 00:00:00.000000',8)
INSERT INTO "vacationmanagement$vacationrequestday" VALUES(12666373951979823,'2021-11-14 00:00:00.000000',0)
INSERT INTO "vacationmanagement$vacationrequestday" VALUES(12666373951979828,'2021-11-19 00:00:00.000000',8)
INSERT INTO "vacationmanagement$vacationrequestday" VALUES(12666373951979826,'2021-11-17 00:00:00.000000',8)
INSERT INTO "vacationmanagement$vacationrequestday_vacationrequest" VALUES(12666373951979821,12947848928690579)
INSERT INTO "vacationmanagement$vacationrequestday_vacationrequest" VALUES(12666373951979829,12947848928690579)
INSERT INTO "vacationmanagement$vacationrequestday_vacationrequest" VALUES(12666373951979825,12947848928690579)
INSERT INTO "vacationmanagement$vacationrequestday_vacationrequest" VALUES(12666373951979824,12947848928690579)
INSERT INTO "vacationmanagement$vacationrequestday_vacationrequest" VALUES(12666373951979822,12947848928690579)
INSERT INTO "vacationmanagement$vacationrequestday_vacationrequest" VALUES(12666373951979827,12947848928690579)
INSERT INTO "vacationmanagement$vacationrequestday_vacationrequest" VALUES(12666373951979823,12947848928690579)
INSERT INTO "vacationmanagement$vacationrequestday_vacationrequest" VALUES(12666373951979828,12947848928690579)
INSERT INTO "vacationmanagement$vacationrequestday_vacationrequest" VALUES(12666373951979826,12947848928690579)
INSERT INTO "vacationmanagement$vacationrequest" VALUES(12947848928690579,'2021-11-12 00:00:00.000000','2021-11-20 00:00:00.000000','Special_Leave','Submitted','Special Leave','2021-11-01 14:15:45.179000',48)
INSERT INTO "vacationmanagement$vacationrequest_submitter" VALUES(12947848928690579,5066549580792009)
INSERT INTO "notifications$notification" VALUES(13229323905401033,'Request created on11/01/2021','a created a newSpecial_Leave request. Please check it.',FALSE,0)
INSERT INTO "notifications$notification_account" VALUES(13229323905401033,5066549580792109)
INSERT INTO "notifications$notification_vacationrequest" VALUES(13229323905401033,12947848928690579)
COMMIT
/*C3*/DELETE FROM "system$session" WHERE "id"=10696049115007131
INSERT INTO "system$session" VALUES(10696049115007131,'b1f5b9bf-5ed2-42e9-a5af-7fec00f8d927','f7a33ce6-2525-44c5-8aab-75cbc5be7b75','2021-11-01 14:16:03.614000',FALSE,'cf29f3b7-7b42-4666-958d-8efbc8d7be4d',NULL,'2021-11-01 14:15:10.985000')
COMMIT
DELETE FROM "system$xasinstance" WHERE "id"=1125899906844825
INSERT INTO "system$xasinstance" VALUES(1125899906844825,'a635b345-a99e-49d2-bc55-8987f2561742','2021-11-01 14:18:03.028000',NULL,NULL,NULL,'2021-11-01 14:13:00.609000')
COMMIT
DELETE FROM "system$session" WHERE "id"=10696049115007131
INSERT INTO "system$session" VALUES(10696049115007131,'b1f5b9bf-5ed2-42e9-a5af-7fec00f8d927','f7a33ce6-2525-44c5-8aab-75cbc5be7b75','2021-11-01 14:20:35.014000',FALSE,'cf29f3b7-7b42-4666-958d-8efbc8d7be4d',NULL,'2021-11-01 14:15:10.985000')
COMMIT
/*C4*/DISCONNECT
/*C9*/DISCONNECT
/*C6*/DELETE FROM "system$xasinstance" WHERE "id"=1125899906844825
INSERT INTO "system$xasinstance" VALUES(1125899906844825,'a635b345-a99e-49d2-bc55-8987f2561742','2021-11-01 14:23:03.057000',NULL,NULL,NULL,'2021-11-01 14:13:00.609000')
COMMIT
/*C3*/DELETE FROM "system$session" WHERE "id"=10696049115007131
INSERT INTO "system$session" VALUES(10696049115007131,'b1f5b9bf-5ed2-42e9-a5af-7fec00f8d927','f7a33ce6-2525-44c5-8aab-75cbc5be7b75','2021-11-01 14:25:34.987000',FALSE,'cf29f3b7-7b42-4666-958d-8efbc8d7be4d',NULL,'2021-11-01 14:15:10.985000')
COMMIT
/*C2*/DISCONNECT
/*C6*/DELETE FROM "system$xasinstance" WHERE "id"=1125899906844825
INSERT INTO "system$xasinstance" VALUES(1125899906844825,'a635b345-a99e-49d2-bc55-8987f2561742','2021-11-01 14:28:03.152000',NULL,NULL,NULL,'2021-11-01 14:13:00.609000')
COMMIT
